Assembler report for projeto_ULA
Tue Jun 18 17:19:32 2019
Quartus II 64-Bit Version 14.1.0 Build 186 12/03/2014 SJ Web Edition


---------------------
; Table of Contents ;
---------------------
  1. Legal Notice
  2. Assembler Summary
  3. Assembler Settings
  4. Assembler Generated Files
  5. Assembler Device Options: C:/Users/11219004.USUARIOS/Desktop/projeto_ULA/output_files/projeto_ULA.sof
  6. Assembler Device Options: C:/Users/11219004.USUARIOS/Desktop/projeto_ULA/output_files/projeto_ULA.pof
  7. Assembler Messages



----------------
; Legal Notice ;
----------------
Copyright (C) 1991-2014 Altera Corporation. All rights reserved.
Your use of Altera Corporation's design tools, logic functions 
and other software and tools, and its AMPP partner logic 
functions, and any output files from any of the foregoing 
(including device programming or simulation files), and any 
associated documentation or information are expressly subject 
to the terms and conditions of the Altera Program License 
Subscription Agreement, the Altera Quartus II License Agreement,
the Altera MegaCore Function License Agreement, or other 
applicable license agreement, including, without limitation, 
that your use is for the sole purpose of programming logic 
devices manufactured by Altera and sold by Altera or its 
authorized distributors.  Please refer to the applicable 
agreement for further details.



+---------------------------------------------------------------+
; Assembler Summary                                             ;
+-----------------------+---------------------------------------+
; Assembler Status      ; Successful - Tue Jun 18 17:19:32 2019 ;
; Revision Name         ; projeto_ULA                           ;
; Top-level Entity Name ; projeto_ULA                           ;
; Family                ; Cyclone V                             ;
; Device                ; 5CEBA4F23C7                           ;
+-----------------------+---------------------------------------+


+----------------------------------+
; Assembler Settings               ;
+--------+---------+---------------+
; Option ; Setting ; Default Value ;
+--------+---------+---------------+


+-----------------------------------------------------------------------------+
; Assembler Generated Files                                                   ;
+-----------------------------------------------------------------------------+
; File Name                                                                   ;
+-----------------------------------------------------------------------------+
; C:/Users/11219004.USUARIOS/Desktop/projeto_ULA/output_files/projeto_ULA.sof ;
; C:/Users/11219004.USUARIOS/Desktop/projeto_ULA/output_files/projeto_ULA.pof ;
+-----------------------------------------------------------------------------+


+-------------------------------------------------------------------------------------------------------+
; Assembler Device Options: C:/Users/11219004.USUARIOS/Desktop/projeto_ULA/output_files/projeto_ULA.sof ;
+----------------+--------------------------------------------------------------------------------------+
; Option         ; Setting                                                                              ;
+----------------+--------------------------------------------------------------------------------------+
; Device         ; 5CEBA4F23C7                                                                          ;
; JTAG usercode  ; 0x0050A76A                                                                           ;
; Checksum       ; 0x0050A76A                                                                           ;
+----------------+--------------------------------------------------------------------------------------+


+-------------------------------------------------------------------------------------------------------+
; Assembler Device Options: C:/Users/11219004.USUARIOS/Desktop/projeto_ULA/output_files/projeto_ULA.pof ;
+--------------------+----------------------------------------------------------------------------------+
; Option             ; Setting                                                                          ;
+--------------------+----------------------------------------------------------------------------------+
; Device             ; EPCS16                                                                           ;
; JTAG usercode      ; 0x00000000                                                                       ;
; Checksum           ; 0x1513257B                                                                       ;
; Compression Ratio  ; 3                                                                                ;
+--------------------+----------------------------------------------------------------------------------+


+--------------------+
; Assembler Messages ;
+--------------------+
Info: *******************************************************************
Info: Running Quartus II 64-Bit Assembler
    Info: Version 14.1.0 Build 186 12/03/2014 SJ Web Edition
    Info: Processing started: Tue Jun 18 17:19:28 2019
Info: Command: quartus_asm --read_settings_files=off --write_settings_files=off projeto_ULA -c projeto_ULA
Info (115030): Assembler is generating device programming files
Info: Quartus II 64-Bit Assembler was successful. 0 errors, 0 warnings
    Info: Peak virtual memory: 4835 megabytes
    Info: Processing ended: Tue Jun 18 17:19:33 2019
    Info: Elapsed time: 00:00:05
    Info: Total CPU time (on all processors): 00:00:04


